{"level":"error","message":"POST /api/user, - Users validation failed: username: Path `username` is required., email: Path `email` is required., password: Path `password` is required.","timestamp":"2025-04-16 23:33"}
{"level":"error","message":"POST /api/user, - Users validation failed: username: Path `username` is required., email: Path `email` is required., password: Path `password` is required.","timestamp":"2025-04-17 11:43"}
{"level":"error","message":"POST /api/user, - Users validation failed: username: Path `username` is required., email: Path `email` is required., password: Path `password` is required.","timestamp":"2025-04-17 11:44"}
{"level":"error","message":"POST /api/user, - Users validation failed: username: Path `username` is required., email: Path `email` is required., password: Path `password` is required.","timestamp":"2025-04-17 11:44"}
{"level":"error","message":"POST /api/createUser, - Users validation failed: password: Cast to string failed for value \"Promise { <pending> }\" (type Promise) at path \"password\"","timestamp":"2025-04-17 13:07"}
{"level":"error","message":"POST /api/createUser, - \"passwod\" is required","timestamp":"2025-04-17 19:18"}
{"level":"error","message":"POST /api/createUser, - \"passwod\" is required","timestamp":"2025-04-17 19:19"}
{"level":"error","message":"POST /api/createUser, - \"passwod\" is required","timestamp":"2025-04-17 19:21"}
{"level":"error","message":"POST /api/createUser, - \"passwod\" is required","timestamp":"2025-04-17 19:21"}
{"level":"error","message":"POST /api/user/login, - \"email\" must be a valid email","timestamp":"2025-04-17 20:13"}
{"level":"error","message":"POST /api/user/login, - \"passwod\" is required","timestamp":"2025-04-17 20:14"}
{"level":"error","message":"POST /api/user/login, - data and hash arguments required","timestamp":"2025-04-17 20:15"}
{"level":"error","message":"GET /api, - Page Not Found","timestamp":"2025-04-18 14:46"}
{"level":"error","message":"GET /api, - Page Not Found","timestamp":"2025-04-18 14:46"}
{"level":"error","message":"GET /api, - Page Not Found","timestamp":"2025-04-18 14:46"}
{"level":"error","message":"GET /api/, - Page Not Found","timestamp":"2025-04-18 14:46"}
{"level":"error","message":"GET /api/cate, - Page Not Found","timestamp":"2025-04-18 14:46"}
{"level":"error","message":"GET /api/category, - Page Not Found","timestamp":"2025-04-18 14:47"}
{"level":"error","message":"GET /api/category//getAllCategory, - Page Not Found","timestamp":"2025-04-18 14:52"}
{"level":"error","message":"POST /api/user/login, - \"password\" length must be at least 4 characters long","timestamp":"2025-04-18 15:25"}
{"level":"error","message":"POST /api/user/login, - \"password\" length must be at least 4 characters long","timestamp":"2025-04-18 15:26"}
{"level":"error","message":"POST /api/user/login, - \"password\" length must be at least 4 characters long","timestamp":"2025-04-18 15:27"}
{"level":"error","message":"POST /api/user/login, - \"password\" length must be at least 4 characters long","timestamp":"2025-04-18 15:28"}
{"level":"error","message":"GET /home, - Page Not Found","timestamp":"2025-04-18 21:05"}
{"level":"error","message":"GET /favicon.ico, - Page Not Found","timestamp":"2025-04-18 21:05"}
{"level":"error","message":"GET /home, - Page Not Found","timestamp":"2025-04-19 11:53"}
{"level":"error","message":"GET /api/user/getById, - Page Not Found","timestamp":"2025-04-19 12:57"}
{"level":"error","message":"GET /api/user/getByIdUser, - dateObj is not defined","timestamp":"2025-04-19 13:15"}
{"level":"error","message":"GET /api/user/getByIdUser, - dateObj is not defined","timestamp":"2025-04-19 13:15"}
{"level":"error","message":"GET /api/user/getByIdUser, - data.toObject is not a function","timestamp":"2025-04-19 13:20"}
{"level":"error","message":"GET /api/user/getByIdUser, - Cannot read properties of undefined (reading 'toISOString')","timestamp":"2025-04-19 13:21"}
{"level":"error","message":"GET /api/user/getByIdUser, - Cannot access 'data' before initialization","timestamp":"2025-04-19 13:29"}
{"level":"error","message":"PUT /api/user/updateBio, - newBio is not defined","timestamp":"2025-04-19 14:35"}
{"level":"error","message":"GET /home, - Page Not Found","timestamp":"2025-04-19 15:10"}
{"level":"error","message":"GET /favicon.ico, - Page Not Found","timestamp":"2025-04-19 15:11"}
{"level":"error","message":"GET /api/category/getAllCategory, - PORT is not defined","timestamp":"2025-04-19 15:34"}
{"level":"error","message":"GET /api/category/getAllCategory, - PORT is not defined","timestamp":"2025-04-19 15:34"}
{"level":"error","message":"GET /api/category/getAllCategory, - PORT is not defined","timestamp":"2025-04-19 15:34"}
{"level":"error","message":"GET /api/category/getAllCategory, - PORT is not defined","timestamp":"2025-04-19 15:34"}
{"level":"error","message":"GET /api/category/getAllCategory, - PORT is not defined","timestamp":"2025-04-19 15:34"}
{"level":"error","message":"GET /api/category/getAllCategory, - PORT is not defined","timestamp":"2025-04-19 15:34"}
{"level":"error","message":"GET /api/category/getAllCategory, - PORT is not defined","timestamp":"2025-04-19 15:34"}
{"level":"error","message":"GET /api/category/getAllCategory, - PORT is not defined","timestamp":"2025-04-19 15:34"}
{"level":"error","message":"GET /api/category/getAllCategory, - PORT is not defined","timestamp":"2025-04-19 15:34"}
{"level":"error","message":"GET /api/category/getAllCategory, - PORT is not defined","timestamp":"2025-04-19 15:34"}
{"level":"error","message":"GET /api/category/getAllCategory, - PORT is not defined","timestamp":"2025-04-19 15:34"}
{"level":"error","message":"GET /api/category/getAllCategory, - PORT is not defined","timestamp":"2025-04-19 15:34"}
{"level":"error","message":"GET /api/category/getAllCategory, - PORT is not defined","timestamp":"2025-04-19 15:34"}
{"level":"error","message":"GET /api/category/getAllCategory, - PORT is not defined","timestamp":"2025-04-19 15:34"}
{"level":"error","message":"GET /api/category/getAllCategory, - PORT is not defined","timestamp":"2025-04-19 15:34"}
{"level":"error","message":"GET /api/category/getAllCategory, - PORT is not defined","timestamp":"2025-04-19 15:34"}
{"level":"error","message":"GET /api/category/getAllCategory, - PORT is not defined","timestamp":"2025-04-19 15:34"}
{"level":"error","message":"GET /api/category/getAllCategory, - PORT is not defined","timestamp":"2025-04-19 15:34"}
{"level":"error","message":"GET /api/category/getAllCategory, - PORT is not defined","timestamp":"2025-04-19 15:34"}
{"level":"error","message":"GET /api/category/getAllCategory, - PORT is not defined","timestamp":"2025-04-19 15:34"}
{"level":"error","message":"GET /api/category/getAllCategory, - PORT is not defined","timestamp":"2025-04-19 15:34"}
{"level":"error","message":"GET /api/category/getAllCategory, - PORT is not defined","timestamp":"2025-04-19 15:34"}
{"level":"error","message":"GET /api/category/getAllCategory, - PORT is not defined","timestamp":"2025-04-19 15:34"}
{"level":"error","message":"GET /api/category/getAllCategory, - PORT is not defined","timestamp":"2025-04-19 15:34"}
{"level":"error","message":"GET /api/category/getAllCategory, - PORT is not defined","timestamp":"2025-04-19 15:34"}
{"level":"error","message":"GET /api/category/getAllCategory, - PORT is not defined","timestamp":"2025-04-19 15:34"}
{"level":"error","message":"GET /api/category/getAllCategory, - PORT is not defined","timestamp":"2025-04-19 15:34"}
{"level":"error","message":"GET /api/category/getAllCategory, - PORT is not defined","timestamp":"2025-04-19 15:34"}
{"level":"error","message":"GET /api/category/getAllCategory, - PORT is not defined","timestamp":"2025-04-19 15:34"}
{"level":"error","message":"GET /api/category/getAllCategory, - PORT is not defined","timestamp":"2025-04-19 15:34"}
{"level":"error","message":"GET /api/category/getAllCategory, - PORT is not defined","timestamp":"2025-04-19 15:34"}
{"level":"error","message":"GET /api/category/getAllCategory, - PORT is not defined","timestamp":"2025-04-19 15:34"}
{"level":"error","message":"GET /api/category/getAllCategory, - PORT is not defined","timestamp":"2025-04-19 15:34"}
{"level":"error","message":"GET /api/category/getAllCategory, - PORT is not defined","timestamp":"2025-04-19 15:34"}
{"level":"error","message":"GET /api/category/getAllCategory, - PORT is not defined","timestamp":"2025-04-19 15:34"}
{"level":"error","message":"GET /api/category/getAllCategory, - PORT is not defined","timestamp":"2025-04-19 15:34"}
{"level":"error","message":"GET /api/category/getAllCategory, - PORT is not defined","timestamp":"2025-04-19 15:34"}
{"level":"error","message":"GET /api/category/getAllCategory, - PORT is not defined","timestamp":"2025-04-19 15:34"}
{"level":"error","message":"GET /api/category/getAllCategory, - PORT is not defined","timestamp":"2025-04-19 15:34"}
{"level":"error","message":"GET /api/category/getAllCategory, - PORT is not defined","timestamp":"2025-04-19 15:34"}
{"level":"error","message":"GET /api/category/getAllCategory, - PORT is not defined","timestamp":"2025-04-19 15:34"}
{"level":"error","message":"GET /api/category/getAllCategory, - PORT is not defined","timestamp":"2025-04-19 15:34"}
{"level":"error","message":"GET /api/category/getAllCategory, - PORT is not defined","timestamp":"2025-04-19 15:34"}
{"level":"error","message":"GET /api/category/getAllCategory, - PORT is not defined","timestamp":"2025-04-19 15:34"}
{"level":"error","message":"GET /api/category/getAllCategory, - PORT is not defined","timestamp":"2025-04-19 15:34"}
{"level":"error","message":"GET /api/category/getAllCategory, - PORT is not defined","timestamp":"2025-04-19 15:34"}
{"level":"error","message":"GET /api/category/getAllCategory, - PORT is not defined","timestamp":"2025-04-19 15:34"}
{"level":"error","message":"GET /api/category/getAllCategory, - PORT is not defined","timestamp":"2025-04-19 15:34"}
{"level":"error","message":"GET /api/category/getAllCategory, - PORT is not defined","timestamp":"2025-04-19 15:34"}
{"level":"error","message":"GET /api/category/getAllCategory, - PORT is not defined","timestamp":"2025-04-19 15:34"}
{"level":"error","message":"GET /api/category/getAllCategory, - PORT is not defined","timestamp":"2025-04-19 15:34"}
{"level":"error","message":"GET /api/category/getAllCategory, - PORT is not defined","timestamp":"2025-04-19 15:34"}
{"level":"error","message":"GET /api/category/getAllCategory, - PORT is not defined","timestamp":"2025-04-19 15:34"}
{"level":"error","message":"GET /api/category/getAllCategory, - PORT is not defined","timestamp":"2025-04-19 15:34"}
{"level":"error","message":"GET /api/category/getAllCategory, - PORT is not defined","timestamp":"2025-04-19 15:34"}
{"level":"error","message":"GET /api/category/getAllCategory, - PORT is not defined","timestamp":"2025-04-19 15:34"}
{"level":"error","message":"GET /api/category/getAllCategory, - PORT is not defined","timestamp":"2025-04-19 15:34"}
{"level":"error","message":"GET /api/category/getAllCategory, - PORT is not defined","timestamp":"2025-04-19 15:34"}
{"level":"error","message":"GET /api/category/getAllCategory, - PORT is not defined","timestamp":"2025-04-19 15:34"}
{"level":"error","message":"GET /api/category/getAllCategory, - PORT is not defined","timestamp":"2025-04-19 15:34"}
{"level":"error","message":"GET /api/category/getAllCategory, - PORT is not defined","timestamp":"2025-04-19 15:34"}
{"level":"error","message":"GET /api/category/getAllCategory, - PORT is not defined","timestamp":"2025-04-19 15:34"}
{"level":"error","message":"GET /api/category/getAllCategory, - PORT is not defined","timestamp":"2025-04-19 15:34"}
{"level":"error","message":"GET /api/category/getAllCategory, - PORT is not defined","timestamp":"2025-04-19 15:34"}
{"level":"error","message":"GET /api/category/getAllCategory, - PORT is not defined","timestamp":"2025-04-19 15:34"}
{"level":"error","message":"GET /api/category/getAllCategory, - PORT is not defined","timestamp":"2025-04-19 15:34"}
{"level":"error","message":"GET /api/category/getAllCategory, - PORT is not defined","timestamp":"2025-04-19 15:34"}
{"level":"error","message":"GET /api/category/getAllCategory, - PORT is not defined","timestamp":"2025-04-19 15:34"}
{"level":"error","message":"GET /api/category/getAllCategory, - PORT is not defined","timestamp":"2025-04-19 15:34"}
{"level":"error","message":"GET /api/category/getAllCategory, - PORT is not defined","timestamp":"2025-04-19 15:34"}
{"level":"error","message":"GET /api/category/getAllCategory, - PORT is not defined","timestamp":"2025-04-19 15:34"}
{"level":"error","message":"GET /api/category/getAllCategory, - PORT is not defined","timestamp":"2025-04-19 15:34"}
{"level":"error","message":"GET /api/category/getAllCategory, - PORT is not defined","timestamp":"2025-04-19 15:34"}
{"level":"error","message":"GET /api/category/getAllCategory, - PORT is not defined","timestamp":"2025-04-19 15:34"}
{"level":"error","message":"GET /api/category/getAllCategory, - PORT is not defined","timestamp":"2025-04-19 15:34"}
{"level":"error","message":"GET /api/category/getAllCategory, - PORT is not defined","timestamp":"2025-04-19 15:34"}
{"level":"error","message":"GET /api/category/getAllCategory, - PORT is not defined","timestamp":"2025-04-19 15:34"}
{"level":"error","message":"GET /api/category/getAllCategory, - PORT is not defined","timestamp":"2025-04-19 15:34"}
{"level":"error","message":"GET /api/category/getAllCategory, - PORT is not defined","timestamp":"2025-04-19 15:34"}
{"level":"error","message":"GET /api/category/getAllCategory, - PORT is not defined","timestamp":"2025-04-19 15:34"}
{"level":"error","message":"GET /api/category/getAllCategory, - PORT is not defined","timestamp":"2025-04-19 15:34"}
{"level":"error","message":"GET /api/category/getAllCategory, - PORT is not defined","timestamp":"2025-04-19 15:34"}
{"level":"error","message":"GET /api/category/getAllCategory, - PORT is not defined","timestamp":"2025-04-19 15:34"}
{"level":"error","message":"GET /api/category/getAllCategory, - PORT is not defined","timestamp":"2025-04-19 15:34"}
{"level":"error","message":"GET /api/category/getAllCategory, - PORT is not defined","timestamp":"2025-04-19 15:34"}
{"level":"error","message":"GET /api/category/getAllCategory, - PORT is not defined","timestamp":"2025-04-19 15:34"}
{"level":"error","message":"GET /api/category/getAllCategory, - PORT is not defined","timestamp":"2025-04-19 15:34"}
{"level":"error","message":"GET /api/category/getAllCategory, - PORT is not defined","timestamp":"2025-04-19 15:34"}
{"level":"error","message":"GET /api/category/getAllCategory, - PORT is not defined","timestamp":"2025-04-19 15:34"}
{"level":"error","message":"GET /api/category/getAllCategory, - PORT is not defined","timestamp":"2025-04-19 15:34"}
{"level":"error","message":"GET /api/category/getAllCategory, - PORT is not defined","timestamp":"2025-04-19 15:34"}
{"level":"error","message":"GET /api/category/getAllCategory, - PORT is not defined","timestamp":"2025-04-19 15:34"}
{"level":"error","message":"GET /api/category/getAllCategory, - PORT is not defined","timestamp":"2025-04-19 15:34"}
{"level":"error","message":"GET /api/category/getAllCategory, - PORT is not defined","timestamp":"2025-04-19 15:34"}
{"level":"error","message":"GET /api/category/getAllCategory, - PORT is not defined","timestamp":"2025-04-19 15:34"}
{"level":"error","message":"GET /api/category/getAllCategory, - PORT is not defined","timestamp":"2025-04-19 15:34"}
{"level":"error","message":"GET /api/category/getAllCategory, - PORT is not defined","timestamp":"2025-04-19 15:34"}
{"level":"error","message":"GET /api/category/getAllCategory, - PORT is not defined","timestamp":"2025-04-19 15:34"}
{"level":"error","message":"GET /api/category/getAllCategory, - PORT is not defined","timestamp":"2025-04-19 15:34"}
{"level":"error","message":"GET /api/category/getAllCategory, - PORT is not defined","timestamp":"2025-04-19 15:34"}
{"level":"error","message":"GET /api/category/getAllCategory, - PORT is not defined","timestamp":"2025-04-19 15:34"}
{"level":"error","message":"GET /api/category/getAllCategory, - PORT is not defined","timestamp":"2025-04-19 15:34"}
{"level":"error","message":"GET /api/category/getAllCategory, - PORT is not defined","timestamp":"2025-04-19 15:34"}
{"level":"error","message":"GET /api/category/getAllCategory, - PORT is not defined","timestamp":"2025-04-19 15:34"}
{"level":"error","message":"GET /api/category/getAllCategory, - PORT is not defined","timestamp":"2025-04-19 15:34"}
{"level":"error","message":"GET /api/category/getAllCategory, - PORT is not defined","timestamp":"2025-04-19 15:34"}
{"level":"error","message":"GET /api/category/getAllCategory, - PORT is not defined","timestamp":"2025-04-19 15:34"}
{"level":"error","message":"GET /api/category/getAllCategory, - PORT is not defined","timestamp":"2025-04-19 15:34"}
{"level":"error","message":"GET /api/category/getAllCategory, - PORT is not defined","timestamp":"2025-04-19 15:34"}
{"level":"error","message":"GET /api/category/getAllCategory, - PORT is not defined","timestamp":"2025-04-19 15:34"}
{"level":"error","message":"GET /api/category/getAllCategory, - PORT is not defined","timestamp":"2025-04-19 15:34"}
{"level":"error","message":"GET /api/category/getAllCategory, - PORT is not defined","timestamp":"2025-04-19 15:34"}
{"level":"error","message":"GET /api/category/getAllCategory, - PORT is not defined","timestamp":"2025-04-19 15:34"}
{"level":"error","message":"GET /api/category/getAllCategory, - PORT is not defined","timestamp":"2025-04-19 15:34"}
{"level":"error","message":"GET /api/category/getAllCategory, - PORT is not defined","timestamp":"2025-04-19 15:34"}
{"level":"error","message":"GET /api/category/getAllCategory, - PORT is not defined","timestamp":"2025-04-19 15:34"}
{"level":"error","message":"GET /api/category/getAllCategory, - PORT is not defined","timestamp":"2025-04-19 15:34"}
{"level":"error","message":"GET /api/category/getAllCategory, - PORT is not defined","timestamp":"2025-04-19 15:34"}
{"level":"error","message":"GET /api/category/getAllCategory, - PORT is not defined","timestamp":"2025-04-19 15:34"}
{"level":"error","message":"GET /api/category/getAllCategory, - PORT is not defined","timestamp":"2025-04-19 15:34"}
{"level":"error","message":"GET /api/category/getAllCategory, - PORT is not defined","timestamp":"2025-04-19 15:34"}
{"level":"error","message":"GET /api/category/getAllCategory, - PORT is not defined","timestamp":"2025-04-19 15:34"}
{"level":"error","message":"GET /api/category/getAllCategory, - PORT is not defined","timestamp":"2025-04-19 15:34"}
{"level":"error","message":"GET /api/category/getAllCategory, - PORT is not defined","timestamp":"2025-04-19 15:34"}
{"level":"error","message":"GET /api/category/getAllCategory, - PORT is not defined","timestamp":"2025-04-19 15:34"}
{"level":"error","message":"GET /api/category/getAllCategory, - PORT is not defined","timestamp":"2025-04-19 15:34"}
{"level":"error","message":"GET /api/category/getAllCategory, - PORT is not defined","timestamp":"2025-04-19 15:34"}
{"level":"error","message":"GET /api/category/getAllCategory, - PORT is not defined","timestamp":"2025-04-19 15:34"}
{"level":"error","message":"GET /api/category/getAllCategory, - PORT is not defined","timestamp":"2025-04-19 15:34"}
{"level":"error","message":"GET /api/category/getAllCategory, - PORT is not defined","timestamp":"2025-04-19 15:34"}
{"level":"error","message":"GET /api/category/getAllCategory, - PORT is not defined","timestamp":"2025-04-19 15:34"}
{"level":"error","message":"GET /api/category/getAllCategory, - PORT is not defined","timestamp":"2025-04-19 15:34"}
{"level":"error","message":"GET /api/category/getAllCategory, - PORT is not defined","timestamp":"2025-04-19 15:34"}
{"level":"error","message":"GET /api/category/getAllCategory, - PORT is not defined","timestamp":"2025-04-19 15:34"}
{"level":"error","message":"GET /api/category/getAllCategory, - PORT is not defined","timestamp":"2025-04-19 15:34"}
{"level":"error","message":"GET /api/category/getAllCategory, - PORT is not defined","timestamp":"2025-04-19 15:34"}
{"level":"error","message":"GET /api/category/getAllCategory, - PORT is not defined","timestamp":"2025-04-19 15:34"}
{"level":"error","message":"GET /api/category/getAllCategory, - PORT is not defined","timestamp":"2025-04-19 15:34"}
{"level":"error","message":"GET /api/category/getAllCategory, - PORT is not defined","timestamp":"2025-04-19 15:34"}
{"level":"error","message":"GET /api/category/getAllCategory, - PORT is not defined","timestamp":"2025-04-19 15:34"}
{"level":"error","message":"GET /api/category/getAllCategory, - PORT is not defined","timestamp":"2025-04-19 15:34"}
{"level":"error","message":"GET /api/category/getAllCategory, - PORT is not defined","timestamp":"2025-04-19 15:34"}
{"level":"error","message":"GET /api/category/getAllCategory, - PORT is not defined","timestamp":"2025-04-19 15:34"}
{"level":"error","message":"GET /api/category/getAllCategory, - PORT is not defined","timestamp":"2025-04-19 15:34"}
{"level":"error","message":"GET /api/category/getAllCategory, - PORT is not defined","timestamp":"2025-04-19 15:34"}
{"level":"error","message":"GET /api/category/getAllCategory, - PORT is not defined","timestamp":"2025-04-19 15:34"}
{"level":"error","message":"GET /api/category/getAllCategory, - PORT is not defined","timestamp":"2025-04-19 15:34"}
{"level":"error","message":"GET /api/category/getAllCategory, - PORT is not defined","timestamp":"2025-04-19 15:34"}
{"level":"error","message":"GET /api/category/getAllCategory, - PORT is not defined","timestamp":"2025-04-19 15:34"}
{"level":"error","message":"GET /api/category/getAllCategory, - PORT is not defined","timestamp":"2025-04-19 15:34"}
{"level":"error","message":"GET /api/category/getAllCategory, - PORT is not defined","timestamp":"2025-04-19 15:34"}
{"level":"error","message":"GET /api/category/getAllCategory, - PORT is not defined","timestamp":"2025-04-19 15:34"}
{"level":"error","message":"GET /api/category/getAllCategory, - PORT is not defined","timestamp":"2025-04-19 15:34"}
{"level":"error","message":"GET /api/category/getAllCategory, - PORT is not defined","timestamp":"2025-04-19 15:34"}
{"level":"error","message":"GET /api/category/getAllCategory, - PORT is not defined","timestamp":"2025-04-19 15:34"}
{"level":"error","message":"GET /api/category/getAllCategory, - PORT is not defined","timestamp":"2025-04-19 15:34"}
{"level":"error","message":"GET /api/category/getAllCategory, - PORT is not defined","timestamp":"2025-04-19 15:34"}
{"level":"error","message":"GET /api/category/getAllCategory, - PORT is not defined","timestamp":"2025-04-19 15:34"}
{"level":"error","message":"GET /api/category/getAllCategory, - PORT is not defined","timestamp":"2025-04-19 15:34"}
{"level":"error","message":"GET /api/category/getAllCategory, - PORT is not defined","timestamp":"2025-04-19 15:34"}
{"level":"error","message":"GET /api/category/getAllCategory, - PORT is not defined","timestamp":"2025-04-19 15:34"}
{"level":"error","message":"GET /api/category/getAllCategory, - PORT is not defined","timestamp":"2025-04-19 15:34"}
{"level":"error","message":"GET /api/category/getAllCategory, - PORT is not defined","timestamp":"2025-04-19 15:34"}
{"level":"error","message":"GET /api/category/getAllCategory, - PORT is not defined","timestamp":"2025-04-19 15:34"}
{"level":"error","message":"GET /api/category/getAllCategory, - PORT is not defined","timestamp":"2025-04-19 15:34"}
{"level":"error","message":"GET /api/category/getAllCategory, - PORT is not defined","timestamp":"2025-04-19 15:34"}
{"level":"error","message":"GET /api/category/getAllCategory, - PORT is not defined","timestamp":"2025-04-19 15:34"}
{"level":"error","message":"GET /api/category/getAllCategory, - PORT is not defined","timestamp":"2025-04-19 15:34"}
{"level":"error","message":"GET /api/category/getAllCategory, - PORT is not defined","timestamp":"2025-04-19 15:34"}
{"level":"error","message":"GET /api/category/getAllCategory, - PORT is not defined","timestamp":"2025-04-19 15:34"}
{"level":"error","message":"GET /api/category/getAllCategory, - PORT is not defined","timestamp":"2025-04-19 15:34"}
{"level":"error","message":"GET /api/category/getAllCategory, - PORT is not defined","timestamp":"2025-04-19 15:34"}
{"level":"error","message":"GET /api/category/getAllCategory, - PORT is not defined","timestamp":"2025-04-19 15:34"}
{"level":"error","message":"GET /api/category/getAllCategory, - PORT is not defined","timestamp":"2025-04-19 15:34"}
{"level":"error","message":"GET /api/category/getAllCategory, - PORT is not defined","timestamp":"2025-04-19 15:34"}
{"level":"error","message":"GET /api/category/getAllCategory, - PORT is not defined","timestamp":"2025-04-19 15:34"}
{"level":"error","message":"GET /api/category/getAllCategory, - PORT is not defined","timestamp":"2025-04-19 15:34"}
{"level":"error","message":"GET /api/category/getAllCategory, - PORT is not defined","timestamp":"2025-04-19 15:34"}
{"level":"error","message":"GET /api/category/getAllCategory, - PORT is not defined","timestamp":"2025-04-19 15:34"}
{"level":"error","message":"GET /api/category/getAllCategory, - PORT is not defined","timestamp":"2025-04-19 15:34"}
{"level":"error","message":"GET /api/category/getAllCategory, - PORT is not defined","timestamp":"2025-04-19 15:34"}
{"level":"error","message":"GET /api/category/getAllCategory, - PORT is not defined","timestamp":"2025-04-19 15:34"}
{"level":"error","message":"GET /api/category/getAllCategory, - PORT is not defined","timestamp":"2025-04-19 15:34"}
{"level":"error","message":"GET /api/category/getAllCategory, - PORT is not defined","timestamp":"2025-04-19 15:34"}
{"level":"error","message":"GET /api/category/getAllCategory, - PORT is not defined","timestamp":"2025-04-19 15:34"}
{"level":"error","message":"GET /api/category/getAllCategory, - PORT is not defined","timestamp":"2025-04-19 15:34"}
{"level":"error","message":"GET /api/category/getAllCategory, - PORT is not defined","timestamp":"2025-04-19 15:34"}
{"level":"error","message":"GET /api/category/getAllCategory, - PORT is not defined","timestamp":"2025-04-19 15:34"}
{"level":"error","message":"GET /api/category/getAllCategory, - PORT is not defined","timestamp":"2025-04-19 15:34"}
{"level":"error","message":"GET /api/category/getAllCategory, - PORT is not defined","timestamp":"2025-04-19 15:34"}
{"level":"error","message":"GET /api/category/getAllCategory, - PORT is not defined","timestamp":"2025-04-19 15:34"}
{"level":"error","message":"GET /api/category/getAllCategory, - PORT is not defined","timestamp":"2025-04-19 15:34"}
{"level":"error","message":"GET /api/category/getAllCategory, - PORT is not defined","timestamp":"2025-04-19 15:34"}
{"level":"error","message":"GET /api/category/getAllCategory, - PORT is not defined","timestamp":"2025-04-19 15:34"}
{"level":"error","message":"GET /api/category/getAllCategory, - PORT is not defined","timestamp":"2025-04-19 15:34"}
{"level":"error","message":"GET /api/category/getAllCategory, - PORT is not defined","timestamp":"2025-04-19 15:34"}
{"level":"error","message":"GET /api/category/getAllCategory, - PORT is not defined","timestamp":"2025-04-19 15:34"}
{"level":"error","message":"GET /api/category/getAllCategory, - PORT is not defined","timestamp":"2025-04-19 15:34"}
{"level":"error","message":"GET /api/category/getAllCategory, - PORT is not defined","timestamp":"2025-04-19 15:34"}
{"level":"error","message":"GET /api/category/getAllCategory, - PORT is not defined","timestamp":"2025-04-19 15:34"}
{"level":"error","message":"GET /api/category/getAllCategory, - data is not defined","timestamp":"2025-04-19 15:35"}
{"level":"error","message":"GET /api/category/getAllCategory, - data is not defined","timestamp":"2025-04-19 15:35"}
{"level":"error","message":"GET /api/category/getAllCategory, - data is not defined","timestamp":"2025-04-19 15:35"}
{"level":"error","message":"GET /api/category/getAllCategory, - data is not defined","timestamp":"2025-04-19 15:35"}
{"level":"error","message":"GET /api/category/getAllCategory, - data is not defined","timestamp":"2025-04-19 15:35"}
{"level":"error","message":"GET /api/category/getAllCategory, - data is not defined","timestamp":"2025-04-19 15:35"}
{"level":"error","message":"GET /api/category/getAllCategory, - data is not defined","timestamp":"2025-04-19 15:35"}
{"level":"error","message":"GET /api/category/getAllCategory, - data is not defined","timestamp":"2025-04-19 15:35"}
{"level":"error","message":"GET /api/category/getAllCategory, - data is not defined","timestamp":"2025-04-19 15:35"}
{"level":"error","message":"GET /api/category/getAllCategory, - data is not defined","timestamp":"2025-04-19 15:35"}
{"level":"error","message":"GET /api/category/getAllCategory, - data is not defined","timestamp":"2025-04-19 15:35"}
{"level":"error","message":"GET /api/category/getAllCategory, - data is not defined","timestamp":"2025-04-19 15:35"}
{"level":"error","message":"GET /api/category/getAllCategory, - data is not defined","timestamp":"2025-04-19 15:35"}
{"level":"error","message":"GET /api/category/getAllCategory, - data is not defined","timestamp":"2025-04-19 15:35"}
{"level":"error","message":"GET /api/category/getAllCategory, - data is not defined","timestamp":"2025-04-19 15:35"}
{"level":"error","message":"GET /api/category/getAllCategory, - data is not defined","timestamp":"2025-04-19 15:35"}
{"level":"error","message":"GET /api/category/getAllCategory, - data is not defined","timestamp":"2025-04-19 15:35"}
{"level":"error","message":"GET /api/category/getAllCategory, - data is not defined","timestamp":"2025-04-19 15:35"}
{"level":"error","message":"GET /api/category/getAllCategory, - data is not defined","timestamp":"2025-04-19 15:35"}
{"level":"error","message":"GET /api/category/getAllCategory, - data is not defined","timestamp":"2025-04-19 15:35"}
{"level":"error","message":"GET /api/category/getAllCategory, - data is not defined","timestamp":"2025-04-19 15:35"}
{"level":"error","message":"GET /api/category/getAllCategory, - data is not defined","timestamp":"2025-04-19 15:35"}
{"level":"error","message":"GET /api/category/getAllCategory, - data is not defined","timestamp":"2025-04-19 15:35"}
{"level":"error","message":"GET /api/category/getAllCategory, - data is not defined","timestamp":"2025-04-19 15:35"}
{"level":"error","message":"GET /api/category/getAllCategory, - data is not defined","timestamp":"2025-04-19 15:35"}
{"level":"error","message":"GET /api/category/getAllCategory, - data is not defined","timestamp":"2025-04-19 15:35"}
{"level":"error","message":"GET /api/category/getAllCategory, - data is not defined","timestamp":"2025-04-19 15:35"}
{"level":"error","message":"GET /api/category/getAllCategory, - data is not defined","timestamp":"2025-04-19 15:35"}
{"level":"error","message":"GET /api/category/getAllCategory, - data is not defined","timestamp":"2025-04-19 15:35"}
{"level":"error","message":"GET /api/category/getAllCategory, - data is not defined","timestamp":"2025-04-19 15:35"}
{"level":"error","message":"GET /api/category/getAllCategory, - data is not defined","timestamp":"2025-04-19 15:35"}
{"level":"error","message":"GET /api/category/getAllCategory, - data is not defined","timestamp":"2025-04-19 15:35"}
{"level":"error","message":"GET /home, - Page Not Found","timestamp":"2025-04-19 15:35"}
{"level":"error","message":"GET /api/category/getAllCategory, - data is not defined","timestamp":"2025-04-19 15:36"}
{"level":"error","message":"GET /api/category/getAllCategory, - data is not defined","timestamp":"2025-04-19 15:36"}
{"level":"error","message":"GET /api/category/getAllCategory, - data is not defined","timestamp":"2025-04-19 15:36"}
{"level":"error","message":"GET /api/category/getAllCategory, - data is not defined","timestamp":"2025-04-19 15:36"}
{"level":"error","message":"GET /api/category/getAllCategory, - data is not defined","timestamp":"2025-04-19 15:36"}
{"level":"error","message":"GET /api/category/getAllCategory, - data is not defined","timestamp":"2025-04-19 15:36"}
{"level":"error","message":"GET /api/category/getAllCategory, - data is not defined","timestamp":"2025-04-19 15:36"}
{"level":"error","message":"GET /api/category/getAllCategory, - data is not defined","timestamp":"2025-04-19 15:36"}
{"level":"error","message":"GET /api/category/getAllCategory, - data is not defined","timestamp":"2025-04-19 15:36"}
{"level":"error","message":"GET /api/category/getAllCategory, - data is not defined","timestamp":"2025-04-19 15:36"}
{"level":"error","message":"GET /api/category/getAllCategory, - data is not defined","timestamp":"2025-04-19 15:36"}
{"level":"error","message":"GET /api/category/getAllCategory, - data is not defined","timestamp":"2025-04-19 15:36"}
{"level":"error","message":"GET /api/category/getAllCategory, - data is not defined","timestamp":"2025-04-19 15:36"}
{"level":"error","message":"GET /api/category/getAllCategory, - data is not defined","timestamp":"2025-04-19 15:36"}
{"level":"error","message":"GET /api/category/getAllCategory, - data is not defined","timestamp":"2025-04-19 15:36"}
{"level":"error","message":"GET /api/category/getAllCategory, - data is not defined","timestamp":"2025-04-19 15:36"}
{"level":"error","message":"GET /api/category/getAllCategory, - data is not defined","timestamp":"2025-04-19 15:36"}
{"level":"error","message":"GET /api/category/getAllCategory, - data is not defined","timestamp":"2025-04-19 15:36"}
{"level":"error","message":"GET /api/category/getAllCategory, - data is not defined","timestamp":"2025-04-19 15:36"}
{"level":"error","message":"GET /api/category/getAllCategory, - data is not defined","timestamp":"2025-04-19 15:36"}
{"level":"error","message":"GET /api/category/getAllCategory, - data is not defined","timestamp":"2025-04-19 15:36"}
{"level":"error","message":"GET /api/category/getAllCategory, - data is not defined","timestamp":"2025-04-19 15:36"}
{"level":"error","message":"GET /api/category/getAllCategory, - data is not defined","timestamp":"2025-04-19 15:36"}
{"level":"error","message":"GET /api/category/getAllCategory, - data is not defined","timestamp":"2025-04-19 15:36"}
{"level":"error","message":"GET /api/category/getAllCategory, - data is not defined","timestamp":"2025-04-19 15:36"}
{"level":"error","message":"GET /api/category/getAllCategory, - data is not defined","timestamp":"2025-04-19 15:36"}
{"level":"error","message":"GET /api/category/getAllCategory, - data is not defined","timestamp":"2025-04-19 15:36"}
{"level":"error","message":"GET /api/category/getAllCategory, - data is not defined","timestamp":"2025-04-19 15:36"}
{"level":"error","message":"GET /api/category/getAllCategory, - data is not defined","timestamp":"2025-04-19 15:36"}
{"level":"error","message":"GET /api/category/getAllCategory, - data is not defined","timestamp":"2025-04-19 15:36"}
{"level":"error","message":"GET /api/category/getAllCategory, - data is not defined","timestamp":"2025-04-19 15:36"}
{"level":"error","message":"GET /api/category/getAllCategory, - data is not defined","timestamp":"2025-04-19 15:36"}
{"level":"error","message":"GET /api/category/getAllCategory, - data is not defined","timestamp":"2025-04-19 15:36"}
{"level":"error","message":"GET /api/category/getAllCategory, - data is not defined","timestamp":"2025-04-19 15:36"}
{"level":"error","message":"GET /api/category/getAllCategory, - data is not defined","timestamp":"2025-04-19 15:36"}
{"level":"error","message":"GET /api/category/getAllCategory, - data is not defined","timestamp":"2025-04-19 15:36"}
{"level":"error","message":"GET /api/category/getAllCategory, - data is not defined","timestamp":"2025-04-19 15:36"}
{"level":"error","message":"GET /api/category/getAllCategory, - data is not defined","timestamp":"2025-04-19 15:36"}
{"level":"error","message":"GET /api/category/getAllCategory, - data is not defined","timestamp":"2025-04-19 15:36"}
{"level":"error","message":"GET /api/category/getAllCategory, - data is not defined","timestamp":"2025-04-19 15:36"}
{"level":"error","message":"GET /api/category/getAllCategory, - data is not defined","timestamp":"2025-04-19 15:36"}
{"level":"error","message":"GET /api/category/getAllCategory, - data is not defined","timestamp":"2025-04-19 15:36"}
{"level":"error","message":"GET /api/category/getAllCategory, - data is not defined","timestamp":"2025-04-19 15:36"}
{"level":"error","message":"GET /api/category/getAllCategory, - data is not defined","timestamp":"2025-04-19 15:36"}
{"level":"error","message":"GET /api/category/getAllCategory, - data is not defined","timestamp":"2025-04-19 15:36"}
{"level":"error","message":"GET /api/category/getAllCategory, - data is not defined","timestamp":"2025-04-19 15:36"}
{"level":"error","message":"GET /api/category/getAllCategory, - data is not defined","timestamp":"2025-04-19 15:36"}
{"level":"error","message":"GET /api/category/getAllCategory, - data is not defined","timestamp":"2025-04-19 15:36"}
{"level":"error","message":"GET /api/category/getAllCategory, - data is not defined","timestamp":"2025-04-19 15:36"}
{"level":"error","message":"GET /api/category/getAllCategory, - data is not defined","timestamp":"2025-04-19 15:36"}
{"level":"error","message":"GET /api/category/getAllCategory, - data is not defined","timestamp":"2025-04-19 15:36"}
{"level":"error","message":"GET /api/category/getAllCategory, - data is not defined","timestamp":"2025-04-19 15:36"}
{"level":"error","message":"GET /api/category/getAllCategory, - data is not defined","timestamp":"2025-04-19 15:36"}
{"level":"error","message":"GET /api/category/getAllCategory, - data is not defined","timestamp":"2025-04-19 15:36"}
{"level":"error","message":"GET /home, - Page Not Found","timestamp":"2025-04-19 15:36"}
{"level":"error","message":"POST /api/course//createCourse, - Page Not Found","timestamp":"2025-04-19 19:39"}
{"level":"error","message":"GET /api/user/getByIdUser, - Cannot read properties of null (reading 'toObject')","timestamp":"2025-04-19 19:40"}
{"level":"error","message":"GET /api/user/getByIdUser, - Cannot read properties of null (reading 'toObject')","timestamp":"2025-04-19 19:40"}
{"level":"error","message":"GET /api/user/getByIdUser, - Cannot read properties of null (reading 'toObject')","timestamp":"2025-04-19 19:40"}
{"level":"error","message":"GET /api/user/getByIdUser, - Cannot read properties of null (reading 'toObject')","timestamp":"2025-04-19 19:40"}
{"level":"error","message":"GET /api/user/getByIdUser, - Cannot read properties of null (reading 'toObject')","timestamp":"2025-04-19 19:42"}
{"level":"error","message":"POST /api/course/createCourse, - next is not a function","timestamp":"2025-04-19 20:19"}
{"level":"error","message":"POST /api/course/createCourse, - next is not a function","timestamp":"2025-04-19 20:20"}
{"level":"error","message":"POST /api/course/createCourse, - next is not a function","timestamp":"2025-04-19 20:21"}
{"level":"error","message":"POST /api/course/createCourse, - next is not a function","timestamp":"2025-04-19 20:21"}
{"level":"error","message":"POST /api/course/createCourse, - next is not a function","timestamp":"2025-04-19 20:21"}
{"level":"error","message":"POST /api/course/createCourse, - next is not a function","timestamp":"2025-04-19 20:22"}
{"level":"error","message":"POST /api/course/createCourse, - Course validation failed: level: `Beginer` is not a valid enum value for path `level`.","timestamp":"2025-04-19 21:16"}
{"level":"error","message":"POST /api/course/createCourse, - \"courseImg\" is not allowed","timestamp":"2025-04-19 21:29"}
{"level":"error","message":"POST /api/course/createCourse, - \"courseImg\" is not allowed","timestamp":"2025-04-19 21:32"}
{"level":"error","message":"POST /api/course/createCourse, - \"title\" is not allowed to be empty","timestamp":"2025-04-19 21:36"}
{"level":"error","message":"POST /api/course/createCourse, - \"title\" is not allowed to be empty","timestamp":"2025-04-19 21:37"}
{"level":"error","message":"POST /api/course/createCourse, - \"title\" is not allowed to be empty","timestamp":"2025-04-19 21:38"}
{"level":"error","message":"POST /api/course/createCourse, - \"description\" is not allowed to be empty","timestamp":"2025-04-19 21:38"}
{"level":"error","message":"PUT /api/user/updateBio, - Bio Not Found","timestamp":"2025-04-19 22:02"}
{"level":"error","message":"PUT /api/user/updateBio, - Bio Not Found","timestamp":"2025-04-19 22:03"}
{"level":"error","message":"PUT /api/user/updateBio, - Bio Not Found","timestamp":"2025-04-19 22:03"}
{"level":"error","message":"GET /api, - Page Not Found","timestamp":"2025-04-19 23:12"}
{"level":"error","message":"GET /api/getByIdcategory, - Page Not Found","timestamp":"2025-04-19 23:12"}
{"level":"error","message":"GET /api/course/getByIdcategory, - allData.toObject is not a function","timestamp":"2025-04-19 23:39"}
{"level":"error","message":"GET /api/course/getByIdcategory, - allData.toObject is not a function","timestamp":"2025-04-19 23:44"}
{"level":"error","message":"POST /api/course/createCourse, - Course validation failed: level: `Intermediate ` is not a valid enum value for path `level`.","timestamp":"2025-04-19 23:59"}
{"level":"error","message":"POST /api/course/createCourse, - Course validation failed: level: `Intermediate ` is not a valid enum value for path `level`.","timestamp":"2025-04-19 23:59"}
